Detecting compiler hash for triplet x64-linux...
Compiler found: /usr/bin/c++
The following packages will be built and installed:
    asio:x64-linux@1.32.0
  * fmt:x64-linux@12.1.0
    nlohmann-json:x64-linux@3.12.0#1
    spdlog:x64-linux@1.16.0
  * vcpkg-cmake:x64-linux@2024-04-23
  * vcpkg-cmake-config:x64-linux@2024-05-23
Additional packages (*) will be modified to complete this operation.
Restored 6 package(s) from /root/.cache/vcpkg/archives in 75 ms. Use --debug to see more details.
Installing 1/6 vcpkg-cmake-config:x64-linux@2024-05-23...
Elapsed time to handle vcpkg-cmake-config:x64-linux: 606 us
vcpkg-cmake-config:x64-linux package ABI: 7deca9f6153c0bfec5e3aa43ba7e0a7ea7c6ac34cf1d98c363956840db85bbb3
Installing 2/6 vcpkg-cmake:x64-linux@2024-04-23...
Elapsed time to handle vcpkg-cmake:x64-linux: 274 us
vcpkg-cmake:x64-linux package ABI: 320d9cd6b078c1ada8c739386fb82083d624750c902c411b73ef16d44b044403
Installing 3/6 asio:x64-linux@1.32.0...
Elapsed time to handle asio:x64-linux: 8.62 ms
asio:x64-linux package ABI: 16d1c9986ccad6b77d4a3a6fc2b4e289f7f10783b1a132feae7ff12659b8d8cb
Installing 4/6 nlohmann-json:x64-linux@3.12.0#1...
Elapsed time to handle nlohmann-json:x64-linux: 1.98 ms
nlohmann-json:x64-linux package ABI: 72fe1568a3f3322dd199563d3a5efced04d85928c032ed9f5c308e946e64362c
Installing 5/6 fmt:x64-linux@12.1.0...
Elapsed time to handle fmt:x64-linux: 1.23 ms
fmt:x64-linux package ABI: c6ed70744857c72cb4284e2ad692a23bec83d7edb7f2caec3986086343dd48b6
Installing 6/6 spdlog:x64-linux@1.16.0...
Elapsed time to handle spdlog:x64-linux: 1.83 ms
spdlog:x64-linux package ABI: 142a790b630e3f61a4e9708f21ad6caafb1900057c57a7273fe51f4a47472f76
Installed contents are licensed to you by owners. Microsoft is not responsible for, nor does it grant any licenses to, third-party packages.
Packages installed in this vcpkg installation declare the following licenses:
BSL-1.0
MIT
asio provides CMake targets:

  # this is heuristically generated, and may not be correct
  find_package(asio CONFIG REQUIRED)
  target_link_libraries(main PRIVATE asio::asio)

asio provides pkg-config modules:

  # A cross-platform C++ library for network and low-level I/O programming that provides developers with a consistent asynchronous model using a modern C++ approach.
  asio

The package nlohmann-json provides CMake targets:

    find_package(nlohmann_json CONFIG REQUIRED)
    target_link_libraries(main PRIVATE nlohmann_json::nlohmann_json)

The package nlohmann-json can be configured to not provide implicit conversions via a custom triplet file:

    set(nlohmann-json_IMPLICIT_CONVERSIONS OFF)

For more information, see the docs here:
    
    https://json.nlohmann.me/api/macros/json_use_implicit_conversions/

The package spdlog provides CMake targets:

    find_package(spdlog CONFIG REQUIRED)
    target_link_libraries(main PRIVATE spdlog::spdlog)

    # Or use the header-only version
    find_package(spdlog CONFIG REQUIRED)
    target_link_libraries(main PRIVATE spdlog::spdlog_header_only)

All requested installations completed successfully in: 14.9 ms
